
*** Running vivado
    with args -log embsys_bidirec_1_0.vds -m64 -product Vivado -mode batch -messageDb vivado.pb -notrace -source embsys_bidirec_1_0.tcl



****** Vivado v2022.2 (64-bit)
  **** SW Build 3671981 on Fri Oct 14 05:00:03 MDT 2022
  **** IP Build 3669848 on Fri Oct 14 08:30:02 MDT 2022
    ** Copyright 1986-2022 Xilinx, Inc. All Rights Reserved.

source embsys_bidirec_1_0.tcl -notrace
create_project: Time (s): cpu = 00:00:09 ; elapsed = 00:00:27 . Memory (MB): peak = 1002.227 ; gain = 117.582
INFO: [IP_Flow 19-234] Refreshing IP repositories
INFO: [IP_Flow 19-1700] Loaded user IP repository 'e:/EMBEDDED_DESIGN/PROJECT_1_DELIVERABLES/ece544w24_proj1_release_1_0/IP/ece544ip_w24'.
INFO: [IP_Flow 19-2313] Loaded Vivado IP repository 'F:/Vivado/2022.2/data/ip'.
INFO: [IP_Flow 19-6924] IPCACHE: Running cache check for IP inst: embsys_bidirec_1_0
Command: synth_design -top embsys_bidirec_1_0 -part xc7a100tcsg324-1 -incremental_mode off -mode out_of_context
Starting synth_design
Attempting to get a license for feature 'Synthesis' and/or device 'xc7a100t'
INFO: [Common 17-349] Got license for feature 'Synthesis' and/or device 'xc7a100t'
INFO: [Device 21-403] Loading part xc7a100tcsg324-1
INFO: [Synth 8-7079] Multithreading enabled for synth_design using a maximum of 2 processes.
INFO: [Synth 8-7078] Launching helper process for spawning children vivado processes
INFO: [Synth 8-7075] Helper process launched with PID 38480
INFO: [Synth 8-11241] undeclared symbol 'REGCCE', assumed default net type 'wire' [F:/Vivado/2022.2/data/verilog/src/unimacro/BRAM_SINGLE_MACRO.v:2170]
---------------------------------------------------------------------------------
Starting RTL Elaboration : Time (s): cpu = 00:00:07 ; elapsed = 00:00:20 . Memory (MB): peak = 1837.398 ; gain = 407.094
---------------------------------------------------------------------------------
INFO: [Synth 8-6157] synthesizing module 'embsys_bidirec_1_0' [e:/EMBEDDED_DESIGN/PID_CONTROL_PROJ1/TEST1_VIVADO/project_1/project_1.gen/sources_1/bd/embsys/ip/embsys_bidirec_1_0/synth/embsys_bidirec_1_0.v:53]
INFO: [Synth 8-6157] synthesizing module 'bidirec' [E:/EMBEDDED_DESIGN/PID_CONTROL_PROJ1/ece544w24_project_2_rel/Proj2_rel/New folder/bidirec.v:1]
INFO: [Synth 8-6157] synthesizing module 'IOBUF' [F:/Vivado/2022.2/scripts/rt/data/unisim_comp.v:75902]
INFO: [Synth 8-6155] done synthesizing module 'IOBUF' (0#1) [F:/Vivado/2022.2/scripts/rt/data/unisim_comp.v:75902]
INFO: [Synth 8-6155] done synthesizing module 'bidirec' (0#1) [E:/EMBEDDED_DESIGN/PID_CONTROL_PROJ1/ece544w24_project_2_rel/Proj2_rel/New folder/bidirec.v:1]
INFO: [Synth 8-6155] done synthesizing module 'embsys_bidirec_1_0' (0#1) [e:/EMBEDDED_DESIGN/PID_CONTROL_PROJ1/TEST1_VIVADO/project_1/project_1.gen/sources_1/bd/embsys/ip/embsys_bidirec_1_0/synth/embsys_bidirec_1_0.v:53]
---------------------------------------------------------------------------------
Finished RTL Elaboration : Time (s): cpu = 00:00:09 ; elapsed = 00:00:26 . Memory (MB): peak = 1930.516 ; gain = 500.211
---------------------------------------------------------------------------------
---------------------------------------------------------------------------------
Start Handling Custom Attributes
---------------------------------------------------------------------------------
---------------------------------------------------------------------------------
Finished Handling Custom Attributes : Time (s): cpu = 00:00:10 ; elapsed = 00:00:28 . Memory (MB): peak = 1930.516 ; gain = 500.211
---------------------------------------------------------------------------------
---------------------------------------------------------------------------------
Finished RTL Optimization Phase 1 : Time (s): cpu = 00:00:10 ; elapsed = 00:00:28 . Memory (MB): peak = 1930.516 ; gain = 500.211
---------------------------------------------------------------------------------
Netlist sorting complete. Time (s): cpu = 00:00:00 ; elapsed = 00:00:00.001 . Memory (MB): peak = 1930.516 ; gain = 0.000
INFO: [Netlist 29-17] Analyzing 1 Unisim elements for replacement
INFO: [Netlist 29-28] Unisim Transformation completed in 0 CPU seconds
INFO: [Project 1-570] Preparing netlist for logic optimization

Processing XDC Constraints
Initializing timing engine
Completed Processing XDC Constraints

Netlist sorting complete. Time (s): cpu = 00:00:00 ; elapsed = 00:00:00 . Memory (MB): peak = 1939.121 ; gain = 0.000
INFO: [Project 1-111] Unisim Transformation Summary:
  A total of 1 instances were transformed.
  IOBUF => IOBUF (IBUF, OBUFT): 1 instance 

Constraint Validation Runtime : Time (s): cpu = 00:00:00 ; elapsed = 00:00:02 . Memory (MB): peak = 1939.121 ; gain = 0.000
INFO: [Designutils 20-5008] Incremental synthesis strategy off
INFO: [Synth 8-11241] undeclared symbol 'REGCCE', assumed default net type 'wire' [F:/Vivado/2022.2/data/verilog/src/unimacro/BRAM_SINGLE_MACRO.v:2170]
---------------------------------------------------------------------------------
Finished Constraint Validation : Time (s): cpu = 00:00:20 ; elapsed = 00:00:56 . Memory (MB): peak = 1939.121 ; gain = 508.816
---------------------------------------------------------------------------------
---------------------------------------------------------------------------------
Start Loading Part and Timing Information
---------------------------------------------------------------------------------
Loading part: xc7a100tcsg324-1
---------------------------------------------------------------------------------
Finished Loading Part and Timing Information : Time (s): cpu = 00:00:20 ; elapsed = 00:00:56 . Memory (MB): peak = 1939.121 ; gain = 508.816
---------------------------------------------------------------------------------
---------------------------------------------------------------------------------
Start Applying 'set_property' XDC Constraints
---------------------------------------------------------------------------------
---------------------------------------------------------------------------------
Finished applying 'set_property' XDC Constraints : Time (s): cpu = 00:00:20 ; elapsed = 00:00:57 . Memory (MB): peak = 1939.121 ; gain = 508.816
---------------------------------------------------------------------------------
---------------------------------------------------------------------------------
Finished RTL Optimization Phase 2 : Time (s): cpu = 00:00:21 ; elapsed = 00:00:57 . Memory (MB): peak = 1939.121 ; gain = 508.816
---------------------------------------------------------------------------------
---------------------------------------------------------------------------------
Start RTL Component Statistics 
---------------------------------------------------------------------------------
Detailed RTL Component Info : 
---------------------------------------------------------------------------------
Finished RTL Component Statistics 
---------------------------------------------------------------------------------
---------------------------------------------------------------------------------
Start Part Resource Summary
---------------------------------------------------------------------------------
Part Resources:
DSPs: 240 (col length:80)
BRAMs: 270 (col length: RAMB18 80 RAMB36 40)
---------------------------------------------------------------------------------
Finished Part Resource Summary
---------------------------------------------------------------------------------
---------------------------------------------------------------------------------
Start Cross Boundary and Area Optimization
---------------------------------------------------------------------------------
WARNING: [Synth 8-7080] Parallel synthesis criteria is not met
---------------------------------------------------------------------------------
Finished Cross Boundary and Area Optimization : Time (s): cpu = 00:00:23 ; elapsed = 00:01:00 . Memory (MB): peak = 1939.121 ; gain = 508.816
---------------------------------------------------------------------------------
---------------------------------------------------------------------------------
Start Applying XDC Timing Constraints
---------------------------------------------------------------------------------
---------------------------------------------------------------------------------
Finished Applying XDC Timing Constraints : Time (s): cpu = 00:00:31 ; elapsed = 00:01:09 . Memory (MB): peak = 1939.121 ; gain = 508.816
---------------------------------------------------------------------------------
---------------------------------------------------------------------------------
Start Timing Optimization
---------------------------------------------------------------------------------
---------------------------------------------------------------------------------
Finished Timing Optimization : Time (s): cpu = 00:00:31 ; elapsed = 00:01:09 . Memory (MB): peak = 1939.121 ; gain = 508.816
---------------------------------------------------------------------------------
---------------------------------------------------------------------------------
Start Technology Mapping
---------------------------------------------------------------------------------
---------------------------------------------------------------------------------
Finished Technology Mapping : Time (s): cpu = 00:00:31 ; elapsed = 00:01:09 . Memory (MB): peak = 1939.121 ; gain = 508.816
---------------------------------------------------------------------------------
---------------------------------------------------------------------------------
Start IO Insertion
---------------------------------------------------------------------------------
---------------------------------------------------------------------------------
Start Flattening Before IO Insertion
---------------------------------------------------------------------------------
---------------------------------------------------------------------------------
Finished Flattening Before IO Insertion
---------------------------------------------------------------------------------
---------------------------------------------------------------------------------
Start Final Netlist Cleanup
---------------------------------------------------------------------------------
---------------------------------------------------------------------------------
Finished Final Netlist Cleanup
---------------------------------------------------------------------------------
---------------------------------------------------------------------------------
Finished IO Insertion : Time (s): cpu = 00:00:39 ; elapsed = 00:01:17 . Memory (MB): peak = 1939.121 ; gain = 508.816
---------------------------------------------------------------------------------
---------------------------------------------------------------------------------
Start Renaming Generated Instances
---------------------------------------------------------------------------------
---------------------------------------------------------------------------------
Finished Renaming Generated Instances : Time (s): cpu = 00:00:39 ; elapsed = 00:01:17 . Memory (MB): peak = 1939.121 ; gain = 508.816
---------------------------------------------------------------------------------
---------------------------------------------------------------------------------
Start Rebuilding User Hierarchy
---------------------------------------------------------------------------------
---------------------------------------------------------------------------------
Finished Rebuilding User Hierarchy : Time (s): cpu = 00:00:39 ; elapsed = 00:01:17 . Memory (MB): peak = 1939.121 ; gain = 508.816
---------------------------------------------------------------------------------
---------------------------------------------------------------------------------
Start Renaming Generated Ports
---------------------------------------------------------------------------------
---------------------------------------------------------------------------------
Finished Renaming Generated Ports : Time (s): cpu = 00:00:39 ; elapsed = 00:01:17 . Memory (MB): peak = 1939.121 ; gain = 508.816
---------------------------------------------------------------------------------
---------------------------------------------------------------------------------
Start Handling Custom Attributes
---------------------------------------------------------------------------------
---------------------------------------------------------------------------------
Finished Handling Custom Attributes : Time (s): cpu = 00:00:39 ; elapsed = 00:01:17 . Memory (MB): peak = 1939.121 ; gain = 508.816
---------------------------------------------------------------------------------
---------------------------------------------------------------------------------
Start Renaming Generated Nets
---------------------------------------------------------------------------------
---------------------------------------------------------------------------------
Finished Renaming Generated Nets : Time (s): cpu = 00:00:39 ; elapsed = 00:01:17 . Memory (MB): peak = 1939.121 ; gain = 508.816
---------------------------------------------------------------------------------
---------------------------------------------------------------------------------
Start Writing Synthesis Report
---------------------------------------------------------------------------------

Report BlackBoxes: 
+-+--------------+----------+
| |BlackBox name |Instances |
+-+--------------+----------+
+-+--------------+----------+

Report Cell Usage: 
+------+------+------+
|      |Cell  |Count |
+------+------+------+
|1     |IOBUF |     1|
+------+------+------+
---------------------------------------------------------------------------------
Finished Writing Synthesis Report : Time (s): cpu = 00:00:39 ; elapsed = 00:01:17 . Memory (MB): peak = 1939.121 ; gain = 508.816
---------------------------------------------------------------------------------
Synthesis finished with 0 errors, 0 critical warnings and 1 warnings.
Synthesis Optimization Runtime : Time (s): cpu = 00:00:27 ; elapsed = 00:00:59 . Memory (MB): peak = 1939.121 ; gain = 500.211
Synthesis Optimization Complete : Time (s): cpu = 00:00:39 ; elapsed = 00:01:17 . Memory (MB): peak = 1939.121 ; gain = 508.816
INFO: [Project 1-571] Translating synthesized netlist
Netlist sorting complete. Time (s): cpu = 00:00:00 ; elapsed = 00:00:00 . Memory (MB): peak = 1939.121 ; gain = 0.000
INFO: [Netlist 29-17] Analyzing 1 Unisim elements for replacement
INFO: [Netlist 29-28] Unisim Transformation completed in 0 CPU seconds
INFO: [Project 1-570] Preparing netlist for logic optimization
INFO: [Opt 31-138] Pushed 0 inverter(s) to 0 load pin(s).
Netlist sorting complete. Time (s): cpu = 00:00:00 ; elapsed = 00:00:00 . Memory (MB): peak = 1955.023 ; gain = 0.000
INFO: [Project 1-111] Unisim Transformation Summary:
  A total of 1 instances were transformed.
  IOBUF => IOBUF (IBUF, OBUFT): 1 instance 

Synth Design complete, checksum: 785fa2d5
INFO: [Common 17-83] Releasing license: Synthesis
29 Infos, 1 Warnings, 0 Critical Warnings and 0 Errors encountered.
synth_design completed successfully
synth_design: Time (s): cpu = 00:00:47 ; elapsed = 00:01:35 . Memory (MB): peak = 1955.023 ; gain = 917.070
INFO: [Common 17-1381] The checkpoint 'E:/EMBEDDED_DESIGN/PID_CONTROL_PROJ1/TEST1_VIVADO/project_1/project_1.runs/embsys_bidirec_1_0_synth_1/embsys_bidirec_1_0.dcp' has been generated.
INFO: [Coretcl 2-1648] Added synthesis output to IP cache for IP embsys_bidirec_1_0, cache-ID = 72fcb88f4adaba79
INFO: [Common 17-1381] The checkpoint 'E:/EMBEDDED_DESIGN/PID_CONTROL_PROJ1/TEST1_VIVADO/project_1/project_1.runs/embsys_bidirec_1_0_synth_1/embsys_bidirec_1_0.dcp' has been generated.
INFO: [runtcl-4] Executing : report_utilization -file embsys_bidirec_1_0_utilization_synth.rpt -pb embsys_bidirec_1_0_utilization_synth.pb
INFO: [Common 17-206] Exiting Vivado at Wed Feb 21 17:30:28 2024...
